[
  {
    "id": 72,
    "alertId": 0,
    "alertName": "",
    "dashboardId": 7,
    "panelId": 3,
    "userId": 0,
    "newState": "",
    "prevState": "",
    "created": 1672844493558,
    "updated": 1672844493558,
    "time": 1672844453424,
    "timeEnd": 1672844493440,
    "text": "huawaii was charging",
    "tags": [
      "from node-red",
      "huawaii charging"
    ],
    "login": "admin",
    "email": "admin@localhost",
    "avatarUrl": "/avatar/46d229b033af06a191ff2267bca9ae56",
    "data": {}
  },
  {
    "id": 71,
    "alertId": 0,
    "alertName": "",
    "dashboardId": 7,
    "panelId": 3,
    "userId": 0,
    "newState": "",
    "prevState": "",
    "created": 1672844453546,
    "updated": 1672844453546,
    "time": 1672844453440,
    "timeEnd": 1672844453440,
    "text": "huawaii - pluged for charging",
    "tags": [
      "from node-red",
      "huawaii plug / unplug"
    ],
    "login": "admin",
    "email": "admin@localhost",
    "avatarUrl": "/avatar/46d229b033af06a191ff2267bca9ae56",
    "data": {}
  },
  {
    "id": 31,
    "alertId": 0,
    "alertName": "",
    "dashboardId": 7,
    "panelId": 3,
    "userId": 0,
    "newState": "",
    "prevState": "",
    "created": 1672834553351,
    "updated": 1672834553351,
    "time": 1672795105757,
    "timeEnd": 1672795105757,
    "text": "hu plug to charge",
    "tags": [
      "huawaii charging"
    ],
    "login": "admin",
    "email": "admin@localhost",
    "avatarUrl": "/avatar/46d229b033af06a191ff2267bca9ae56",
    "data": {}
  },
  {
    "id": 30,
    "alertId": 0,
    "alertName": "",
    "dashboardId": 0,
    "panelId": 37,
    "userId": 0,
    "newState": "",
    "prevState": "",
    "created": 1672787703882,
    "updated": 1672833512847,
    "time": 1672787643000,
    "timeEnd": 1672787693000,
    "text": "",
    "tags": null,
    "login": "admin",
    "email": "admin@localhost",
    "avatarUrl": "/avatar/46d229b033af06a191ff2267bca9ae56",
    "data": {}
  },
  {
    "id": 25,
    "alertId": 0,
    "alertName": "",
    "dashboardId": 13,
    "panelId": 37,
    "userId": 0,
    "newState": "",
    "prevState": "",
    "created": 1666645925005,
    "updated": 1666645925005,
    "time": 1666639434027,
    "timeEnd": 1666639434027,
    "text": "multitool",
    "tags": [],
    "login": "admin",
    "email": "admin@localhost",
    "avatarUrl": "/avatar/46d229b033af06a191ff2267bca9ae56",
    "data": {}
  },
  {
    "id": 24,
    "alertId": 0,
    "alertName": "",
    "dashboardId": 13,
    "panelId": 92,
    "userId": 0,
    "newState": "",
    "prevState": "",
    "created": 1666638069594,
    "updated": 1666638069594,
    "time": 1666629313195,
    "timeEnd": 1666629313195,
    "text": "back at the boat",
    "tags": [],
    "login": "admin",
    "email": "admin@localhost",
    "avatarUrl": "/avatar/46d229b033af06a191ff2267bca9ae56",
    "data": {}
  },
  {
    "id": 23,
    "alertId": 0,
    "alertName": "",
    "dashboardId": 13,
    "panelId": 92,
    "userId": 0,
    "newState": "",
    "prevState": "",
    "created": 1666638054776,
    "updated": 1666638054776,
    "time": 1666601602357,
    "timeEnd": 1666601602357,
    "text": "trip to a friend",
    "tags": [],
    "login": "admin",
    "email": "admin@localhost",
    "avatarUrl": "/avatar/46d229b033af06a191ff2267bca9ae56",
    "data": {}
  },
  {
    "id": 22,
    "alertId": 0,
    "alertName": "",
    "dashboardId": 13,
    "panelId": 92,
    "userId": 0,
    "newState": "",
    "prevState": "",
    "created": 1663530786488,
    "updated": 1663530853224,
    "time": 1663520988809,
    "timeEnd": 1663520988809,
    "text": "setting chargers to low 47.0  (23.5 / module 3.916 / cell) ",
    "tags": [],
    "login": "admin",
    "email": "admin@localhost",
    "avatarUrl": "/avatar/46d229b033af06a191ff2267bca9ae56",
    "data": {}
  },
  {
    "id": 21,
    "alertId": 0,
    "alertName": "",
    "dashboardId": 13,
    "panelId": 24,
    "userId": 0,
    "newState": "",
    "prevState": "",
    "created": 1661190055208,
    "updated": 1661190055208,
    "time": 1661190029888,
    "timeEnd": 1661190029888,
    "text": "door open",
    "tags": [],
    "login": "admin",
    "email": "admin@localhost",
    "avatarUrl": "/avatar/46d229b033af06a191ff2267bca9ae56",
    "data": {}
  },
  {
    "id": 20,
    "alertId": 0,
    "alertName": "",
    "dashboardId": 13,
    "panelId": 37,
    "userId": 0,
    "newState": "",
    "prevState": "",
    "created": 1660786789961,
    "updated": 1660786789961,
    "time": 1660786712144,
    "timeEnd": 1660786712144,
    "text": "vacume cleaner",
    "tags": [],
    "login": "admin",
    "email": "admin@localhost",
    "avatarUrl": "/avatar/46d229b033af06a191ff2267bca9ae56",
    "data": {}
  },
  {
    "id": 26,
    "alertId": 0,
    "alertName": "",
    "dashboardId": 13,
    "panelId": 37,
    "userId": 0,
    "newState": "",
    "prevState": "",
    "created": 1666645973547,
    "updated": 1666645973547,
    "time": 1660404712567,
    "timeEnd": 1660404712567,
    "text": "anchor pick up",
    "tags": [],
    "login": "admin",
    "email": "admin@localhost",
    "avatarUrl": "/avatar/46d229b033af06a191ff2267bca9ae56",
    "data": {}
  },
  {
    "id": 19,
    "alertId": 0,
    "alertName": "",
    "dashboardId": 7,
    "panelId": 3,
    "userId": 0,
    "newState": "",
    "prevState": "",
    "created": 1645078900734,
    "updated": 1645078900734,
    "time": 1645078421298,
    "timeEnd": 1645078421298,
    "text": "stop ySensorsService",
    "tags": [],
    "login": "admin",
    "email": "admin@localhost",
    "avatarUrl": "/avatar/46d229b033af06a191ff2267bca9ae56",
    "data": {}
  },
  {
    "id": 18,
    "alertId": 0,
    "alertName": "",
    "dashboardId": 7,
    "panelId": 3,
    "userId": 0,
    "newState": "",
    "prevState": "",
    "created": 1645069522811,
    "updated": 1645069522811,
    "time": 1645069387951,
    "timeEnd": 1645069387951,
    "text": "start ySenrosService",
    "tags": [],
    "login": "admin",
    "email": "admin@localhost",
    "avatarUrl": "/avatar/46d229b033af06a191ff2267bca9ae56",
    "data": {}
  },
  {
    "id": 17,
    "alertId": 0,
    "alertName": "",
    "dashboardId": 7,
    "panelId": 2,
    "userId": 0,
    "newState": "",
    "prevState": "",
    "created": 1639241500374,
    "updated": 1639241500374,
    "time": 1639241472663,
    "timeEnd": 1639241472663,
    "text": "throttling for gnome-shell",
    "tags": [],
    "login": "admin",
    "email": "admin@localhost",
    "avatarUrl": "/avatar/46d229b033af06a191ff2267bca9ae56",
    "data": {}
  },
  {
    "id": 16,
    "alertId": 0,
    "alertName": "",
    "dashboardId": 7,
    "panelId": 2,
    "userId": 0,
    "newState": "",
    "prevState": "",
    "created": 1639241403961,
    "updated": 1639241403961,
    "time": 1639241352926,
    "timeEnd": 1639241352926,
    "text": "all cpus offline",
    "tags": [],
    "login": "admin",
    "email": "admin@localhost",
    "avatarUrl": "/avatar/46d229b033af06a191ff2267bca9ae56",
    "data": {}
  },
  {
    "id": 15,
    "alertId": 0,
    "alertName": "",
    "dashboardId": 7,
    "panelId": 2,
    "userId": 0,
    "newState": "",
    "prevState": "",
    "created": 1639241133562,
    "updated": 1639241133562,
    "time": 1639241040751,
    "timeEnd": 1639241040751,
    "text": "set userspace for frequency and set it to 408k",
    "tags": [],
    "login": "admin",
    "email": "admin@localhost",
    "avatarUrl": "/avatar/46d229b033af06a191ff2267bca9ae56",
    "data": {}
  },
  {
    "id": 14,
    "alertId": 0,
    "alertName": "",
    "dashboardId": 7,
    "panelId": 2,
    "userId": 0,
    "newState": "",
    "prevState": "",
    "created": 1639240731537,
    "updated": 1639240731537,
    "time": 1639240693369,
    "timeEnd": 1639240693369,
    "text": "cpupower on on powersave",
    "tags": [],
    "login": "admin",
    "email": "admin@localhost",
    "avatarUrl": "/avatar/46d229b033af06a191ff2267bca9ae56",
    "data": {}
  },
  {
    "id": 13,
    "alertId": 0,
    "alertName": "",
    "dashboardId": 13,
    "panelId": 11,
    "userId": 0,
    "newState": "",
    "prevState": "",
    "created": 1638967697733,
    "updated": 1638967697733,
    "time": 1638949254421,
    "timeEnd": 1638949254421,
    "text": "charger for house sent to 13.37v",
    "tags": [
      "e01MuxAdc0"
    ],
    "login": "admin",
    "email": "admin@localhost",
    "avatarUrl": "/avatar/46d229b033af06a191ff2267bca9ae56",
    "data": {}
  },
  {
    "id": 12,
    "alertId": 0,
    "alertName": "",
    "dashboardId": 13,
    "panelId": 11,
    "userId": 0,
    "newState": "",
    "prevState": "",
    "created": 1638902598471,
    "updated": 1638902598471,
    "time": 1638892555350,
    "timeEnd": 1638892555350,
    "text": "droping anchor",
    "tags": [
      "e01MuxAdc0"
    ],
    "login": "admin",
    "email": "admin@localhost",
    "avatarUrl": "/avatar/46d229b033af06a191ff2267bca9ae56",
    "data": {}
  },
  {
    "id": 10,
    "alertId": 0,
    "alertName": "",
    "dashboardId": 13,
    "panelId": 11,
    "userId": 0,
    "newState": "",
    "prevState": "",
    "created": 1638617486573,
    "updated": 1638617486573,
    "time": 1638616907471,
    "timeEnd": 1638616907471,
    "text": "13.39v",
    "tags": [
      "e01MuxAdc0"
    ],
    "login": "admin",
    "email": "admin@localhost",
    "avatarUrl": "/avatar/46d229b033af06a191ff2267bca9ae56",
    "data": {}
  },
  {
    "id": 11,
    "alertId": 0,
    "alertName": "",
    "dashboardId": 13,
    "panelId": 11,
    "userId": 0,
    "newState": "",
    "prevState": "",
    "created": 1638617499821,
    "updated": 1638617499821,
    "time": 1638614506806,
    "timeEnd": 1638614506806,
    "text": "13.39v",
    "tags": [
      "e01MuxAdc0"
    ],
    "login": "admin",
    "email": "admin@localhost",
    "avatarUrl": "/avatar/46d229b033af06a191ff2267bca9ae56",
    "data": {}
  },
  {
    "id": 9,
    "alertId": 0,
    "alertName": "",
    "dashboardId": 13,
    "panelId": 53,
    "userId": 0,
    "newState": "",
    "prevState": "",
    "created": 1638543044041,
    "updated": 1638543044041,
    "time": 1638542646611,
    "timeEnd": 1638542646611,
    "text": "unplug adc 5 4 3 to check 2.5v reference test",
    "tags": [
      "e01MuxAdc0"
    ],
    "login": "admin",
    "email": "admin@localhost",
    "avatarUrl": "/avatar/46d229b033af06a191ff2267bca9ae56",
    "data": {}
  },
  {
    "id": 8,
    "alertId": 0,
    "alertName": "",
    "dashboardId": 13,
    "panelId": 11,
    "userId": 0,
    "newState": "",
    "prevState": "",
    "created": 1638527532597,
    "updated": 1638527532597,
    "time": 1638526244100,
    "timeEnd": 1638526244100,
    "text": "13.3v",
    "tags": [
      "e01MuxAdc0"
    ],
    "login": "admin",
    "email": "admin@localhost",
    "avatarUrl": "/avatar/46d229b033af06a191ff2267bca9ae56",
    "data": {}
  },
  {
    "id": 7,
    "alertId": 0,
    "alertName": "",
    "dashboardId": 13,
    "panelId": 11,
    "userId": 0,
    "newState": "",
    "prevState": "",
    "created": 1638496100637,
    "updated": 1638496100637,
    "time": 1638496052937,
    "timeEnd": 1638496052937,
    "text": "pinebook pro charger off",
    "tags": [],
    "login": "admin",
    "email": "admin@localhost",
    "avatarUrl": "/avatar/46d229b033af06a191ff2267bca9ae56",
    "data": {}
  },
  {
    "id": 6,
    "alertId": 0,
    "alertName": "",
    "dashboardId": 13,
    "panelId": 11,
    "userId": 0,
    "newState": "",
    "prevState": "",
    "created": 1638495239766,
    "updated": 1638495239766,
    "time": 1638495183043,
    "timeEnd": 1638495183043,
    "text": "pinebook pro charcher on",
    "tags": [],
    "login": "admin",
    "email": "admin@localhost",
    "avatarUrl": "/avatar/46d229b033af06a191ff2267bca9ae56",
    "data": {}
  },
  {
    "id": 5,
    "alertId": 0,
    "alertName": "",
    "dashboardId": 13,
    "panelId": 11,
    "userId": 0,
    "newState": "",
    "prevState": "",
    "created": 1638495191259,
    "updated": 1638495191259,
    "time": 1638494692094,
    "timeEnd": 1638494692094,
    "text": "pinebook pro charging off",
    "tags": [],
    "login": "admin",
    "email": "admin@localhost",
    "avatarUrl": "/avatar/46d229b033af06a191ff2267bca9ae56",
    "data": {}
  },
  {
    "id": 4,
    "alertId": 0,
    "alertName": "",
    "dashboardId": 13,
    "panelId": 11,
    "userId": 0,
    "newState": "",
    "prevState": "",
    "created": 1638485390493,
    "updated": 1638485390493,
    "time": 1638485247095,
    "timeEnd": 1638485247095,
    "text": "at 13.1v",
    "tags": [
      "e01MuxAdc0"
    ],
    "login": "admin",
    "email": "admin@localhost",
    "avatarUrl": "/avatar/46d229b033af06a191ff2267bca9ae56",
    "data": {}
  },
  {
    "id": 3,
    "alertId": 0,
    "alertName": "",
    "dashboardId": 13,
    "panelId": 11,
    "userId": 0,
    "newState": "",
    "prevState": "",
    "created": 1638481800972,
    "updated": 1638482041194,
    "time": 1638481612908,
    "timeEnd": 1638481612908,
    "text": "12.9V",
    "tags": [
      "e01MuxAdc0"
    ],
    "login": "admin",
    "email": "admin@localhost",
    "avatarUrl": "/avatar/46d229b033af06a191ff2267bca9ae56",
    "data": {}
  },
  {
    "id": 2,
    "alertId": 0,
    "alertName": "",
    "dashboardId": 4,
    "panelId": 3,
    "userId": 0,
    "newState": "",
    "prevState": "",
    "created": 1638289108568,
    "updated": 1638289157274,
    "time": 1638295426021,
    "timeEnd": 1638295426021,
    "text": "gfs - wind correct",
    "tags": [],
    "login": "admin",
    "email": "admin@localhost",
    "avatarUrl": "/avatar/46d229b033af06a191ff2267bca9ae56",
    "data": {}
  },
  {
    "id": 1,
    "alertId": 0,
    "alertName": "",
    "dashboardId": 1,
    "panelId": 3,
    "userId": 0,
    "newState": "",
    "prevState": "",
    "created": 1638129943107,
    "updated": 1638129943107,
    "time": 1638123308948,
    "timeEnd": 1638123308948,
    "text": "new version of pyMachine2Mqtt",
    "tags": [],
    "login": "admin",
    "email": "admin@localhost",
    "avatarUrl": "/avatar/46d229b033af06a191ff2267bca9ae56",
    "data": {}
  }
]
